INFO:werkzeug: * Restarting with stat
WARNING:werkzeug: * Debugger is active!
INFO:werkzeug: * Debugger PIN: 291-313-736
INFO:werkzeug: * Restarting with stat
WARNING:werkzeug: * Debugger is active!
INFO:werkzeug: * Debugger PIN: 291-313-736
INFO:modules.module11:Checking for the received message: hii
INFO:modules.module11:Checking for the received message: hello
INFO:werkzeug: * Restarting with stat
WARNING:werkzeug: * Debugger is active!
INFO:werkzeug: * Debugger PIN: 291-313-736
INFO:modules.module11:Checking for the received message: hello
INFO:modules.module11:Checking for the received message: hii
INFO:werkzeug: * Restarting with stat
WARNING:werkzeug: * Debugger is active!
INFO:werkzeug: * Debugger PIN: 291-313-736
INFO:modules.module11:Checking for the received message: hello
INFO:modules.module11:Checking for the received message: hii
INFO:werkzeug: * Restarting with stat
WARNING:werkzeug: * Debugger is active!
INFO:werkzeug: * Debugger PIN: 291-313-736
INFO:modules.module11:Checking for the received message: hello
INFO:modules.module11:Checking for the received message: hello
INFO:modules.module11:Checking for the received message: hii
INFO:werkzeug: * Restarting with stat
WARNING:werkzeug: * Debugger is active!
INFO:werkzeug: * Debugger PIN: 291-313-736
INFO:modules.module11:Checking for the received message: hello
INFO:werkzeug: * Restarting with stat
WARNING:werkzeug: * Debugger is active!
INFO:werkzeug: * Debugger PIN: 291-313-736
INFO:modules.module11:Checking for the received message: hello
INFO:werkzeug: * Restarting with stat
WARNING:werkzeug: * Debugger is active!
INFO:werkzeug: * Debugger PIN: 291-313-736
INFO:modules.module11:Checking for the received message: hello
INFO:modules.module11:Checking for the received message: ijj
INFO:werkzeug: * Restarting with stat
WARNING:werkzeug: * Debugger is active!
INFO:werkzeug: * Debugger PIN: 291-313-736
INFO:modules.module11:Checking for the received message: hello
INFO:modules.module11:Checking for the received message: hii
INFO:modules.module11:Checking for the received message: or kya hall hai
INFO:modules.module11:Checking for the received message: badya tu suna de
INFO:werkzeug: * Restarting with stat
WARNING:werkzeug: * Debugger is active!
INFO:werkzeug: * Debugger PIN: 291-313-736
INFO:modules.module11:Checking for the received message: hello
INFO:modules.module11:Checking for the received message: hii
INFO:modules.module11:Checking for the received message: hii
INFO:werkzeug: * Restarting with stat
WARNING:werkzeug: * Debugger is active!
INFO:werkzeug: * Debugger PIN: 291-313-736
INFO:modules.module11:Checking for the received message: hello
INFO:modules.module11:Checking for the received message: hii
INFO:modules.module11:Checking for the received message: hhh
INFO:modules.module11:Checking for the received message: hii
INFO:modules.module11:Checking for the received message: hii
INFO:modules.module11:Checking for the received message: hii
INFO:modules.module11:Checking for the received message: hii
INFO:modules.module11:Checking for the received message: hii
INFO:modules.module11:Checking for the received message: hii
INFO:modules.module11:Checking for the received message: hii
INFO:modules.module11:Checking for the received message: hello
INFO:werkzeug: * Restarting with stat
WARNING:werkzeug: * Debugger is active!
INFO:werkzeug: * Debugger PIN: 291-313-736
INFO:modules.module11:Checking for the received message: hii
INFO:modules.module11:Checking for the received message: hello
INFO:modules.module11:Checking for the received message: ijj
INFO:modules.module11:Checking for the received message: hii
INFO:modules.module11:Checking for the received message: ijj
INFO:werkzeug: * Restarting with stat
WARNING:werkzeug: * Debugger is active!
INFO:werkzeug: * Debugger PIN: 291-313-736
INFO:modules.module11:Checking for the received message: hii
INFO:modules.module11:Checking for the received message: hello
INFO:werkzeug: * Restarting with stat
WARNING:werkzeug: * Debugger is active!
INFO:werkzeug: * Debugger PIN: 291-313-736
INFO:modules.module11:Checking for the received message: hii
INFO:werkzeug: * Restarting with stat
WARNING:werkzeug: * Debugger is active!
INFO:werkzeug: * Debugger PIN: 291-313-736
INFO:modules.module11:Checking for the received message: hello
INFO:modules.module11:Checking for the received message: hello
INFO:modules.module11:Checking for the received message: welcome
INFO:modules.module11:Checking for the received message: thanku
INFO:modules.module11:Checking for the received message: \U0001f44d
INFO:werkzeug: * Restarting with stat
WARNING:werkzeug: * Debugger is active!
INFO:werkzeug: * Debugger PIN: 291-313-736
INFO:werkzeug: * Restarting with stat
WARNING:werkzeug: * Debugger is active!
INFO:werkzeug: * Debugger PIN: 291-313-736
INFO:modules.module11:Checking for the received message: hii
INFO:werkzeug: * Restarting with stat
WARNING:werkzeug: * Debugger is active!
INFO:werkzeug: * Debugger PIN: 291-313-736
INFO:modules.module11:Checking for the received message: hello
INFO:werkzeug: * Restarting with stat
WARNING:werkzeug: * Debugger is active!
INFO:werkzeug: * Debugger PIN: 291-313-736
INFO:modules.module11:Checking for the received message: hfghgjgfjgftrtrdfbrrebbcewrygygvytertgvyctgerytewveirctrweytveuiycvtgytcyutbrfeyt
INFO:modules.module11:Checking for the received message: hhtuhutr
INFO:modules.module11:Checking for the received message: bnftgb
INFO:werkzeug: * Restarting with stat
WARNING:werkzeug: * Debugger is active!
INFO:werkzeug: * Debugger PIN: 291-313-736
INFO:modules.module11:Checking for the received message: hfghgjgfjgftrtrdfbrrebbcewrygygvytertgvyctgerytewveirctrweytveuiycvtgytcyutbrfeyt
INFO:modules.module11:Checking for the received message: hthtjyjjuyfkkkkfffffffhrthetuebynetrenersbyvby vybtydrtvbr
INFO:werkzeug: * Restarting with stat
WARNING:werkzeug: * Debugger is active!
INFO:werkzeug: * Debugger PIN: 291-313-736
INFO:modules.module11:Checking for the received message: hello
INFO:werkzeug: * Restarting with stat
WARNING:werkzeug: * Debugger is active!
INFO:werkzeug: * Debugger PIN: 291-313-736
INFO:werkzeug: * Restarting with stat
WARNING:werkzeug: * Debugger is active!
INFO:werkzeug: * Debugger PIN: 291-313-736
INFO:modules.module11:Checking for the received message: hello
INFO:modules.module11:Checking for the received message: hii
INFO:modules.module11:Checking for the received message: how are you
